0 info it worked if it ends with ok
1 verbose cli [ '/Users/bloomca/.nvm/versions/node/v5.1.1/bin/node',
1 verbose cli   '/Users/bloomca/.nvm/versions/node/v5.1.1/bin/npm',
1 verbose cli   'run',
1 verbose cli   'tdd' ]
2 info using npm@3.3.12
3 info using node@v5.1.1
4 verbose run-script [ 'pretdd', 'tdd', 'posttdd' ]
5 info lifecycle norigin-test-project@1.0.0~pretdd: norigin-test-project@1.0.0
6 silly lifecycle norigin-test-project@1.0.0~pretdd: no script for pretdd, continuing
7 info lifecycle norigin-test-project@1.0.0~tdd: norigin-test-project@1.0.0
8 verbose lifecycle norigin-test-project@1.0.0~tdd: unsafe-perm in lifecycle true
9 verbose lifecycle norigin-test-project@1.0.0~tdd: PATH: /Users/bloomca/.nvm/versions/node/v5.1.1/lib/node_modules/npm/bin/node-gyp-bin:/Users/bloomca/projects/norigin-test-project/node_modules/.bin:/Users/bloomca/.rvm/gems/ruby-2.1.2/bin:/Users/bloomca/.rvm/gems/ruby-2.1.2@global/bin:/Users/bloomca/.rvm/rubies/ruby-2.1.2/bin:/Users/bloomca/.nvm/versions/node/v5.1.1/bin:/usr/local/bin:/usr/bin:/bin:/usr/sbin:/sbin:/Users/bloomca/.rvm/bin
10 verbose lifecycle norigin-test-project@1.0.0~tdd: CWD: /Users/bloomca/projects/norigin-test-project
11 silly lifecycle norigin-test-project@1.0.0~tdd: Args: [ '-c', 'karma start --browsers PhantomJS' ]
12 silly lifecycle norigin-test-project@1.0.0~tdd: Returned: code: 1  signal: null
13 info lifecycle norigin-test-project@1.0.0~tdd: Failed to exec tdd script
14 verbose stack Error: norigin-test-project@1.0.0 tdd: `karma start --browsers PhantomJS`
14 verbose stack Exit status 1
14 verbose stack     at EventEmitter.<anonymous> (/Users/bloomca/.nvm/versions/node/v5.1.1/lib/node_modules/npm/lib/utils/lifecycle.js:232:16)
14 verbose stack     at emitTwo (events.js:87:13)
14 verbose stack     at EventEmitter.emit (events.js:172:7)
14 verbose stack     at ChildProcess.<anonymous> (/Users/bloomca/.nvm/versions/node/v5.1.1/lib/node_modules/npm/lib/utils/spawn.js:24:14)
14 verbose stack     at emitTwo (events.js:87:13)
14 verbose stack     at ChildProcess.emit (events.js:172:7)
14 verbose stack     at maybeClose (internal/child_process.js:818:16)
14 verbose stack     at Process.ChildProcess._handle.onexit (internal/child_process.js:211:5)
15 verbose pkgid norigin-test-project@1.0.0
16 verbose cwd /Users/bloomca/projects/norigin-test-project
17 error Darwin 15.3.0
18 error argv "/Users/bloomca/.nvm/versions/node/v5.1.1/bin/node" "/Users/bloomca/.nvm/versions/node/v5.1.1/bin/npm" "run" "tdd"
19 error node v5.1.1
20 error npm  v3.3.12
21 error code ELIFECYCLE
22 error norigin-test-project@1.0.0 tdd: `karma start --browsers PhantomJS`
22 error Exit status 1
23 error Failed at the norigin-test-project@1.0.0 tdd script 'karma start --browsers PhantomJS'.
23 error Make sure you have the latest version of node.js and npm installed.
23 error If you do, this is most likely a problem with the norigin-test-project package,
23 error not with npm itself.
23 error Tell the author that this fails on your system:
23 error     karma start --browsers PhantomJS
23 error You can get their info via:
23 error     npm owner ls norigin-test-project
23 error There is likely additional logging output above.
24 verbose exit [ 1, true ]
